host: 10.4.145.76  port: 7745
Traceback (most recent call last):
  File "TCPServer.py", line 248, in <module>
    main()
  File "TCPServer.py", line 243, in main
    server.serve_forever()
  File "/usr/lib64/python2.6/SocketServer.py", line 234, in serve_forever
    r, w, e = _eintr_retry(select.select, [self], [], [], poll_interval)
  File "/usr/lib64/python2.6/SocketServer.py", line 155, in _eintr_retry
    return func(*args)
KeyboardInterrupt
host: 10.4.145.76  port: 7745
Traceback (most recent call last):
  File "TCPServer.py", line 248, in <module>
    main()
  File "TCPServer.py", line 243, in main
    server.serve_forever()
  File "/usr/lib64/python2.6/SocketServer.py", line 234, in serve_forever
    r, w, e = _eintr_retry(select.select, [self], [], [], poll_interval)
  File "/usr/lib64/python2.6/SocketServer.py", line 155, in _eintr_retry
    return func(*args)
KeyboardInterrupt
